<?xml version="1.0" encoding="UTF-8"?>
<!-- Generated by org.testng.reporters.JUnitReportReporter -->
<testsuite skipped="0" hostname="LAPTOP-8ES30CD5" name="com.iNetBanking.testCases.Tc_EditCustomer_004" tests="1" failures="0" timestamp="2023-03-16T13:50:56 IST" time="17.381" errors="0">
  <testcase name="editCustomer" time="17.381" classname="com.iNetBanking.testCases.Tc_EditCustomer_004"/>
  <system-out/>
</testsuite> <!-- com.iNetBanking.testCases.Tc_EditCustomer_004 -->
