<?xml version="1.0" encoding="UTF-8"?>
<!-- Generated by org.testng.reporters.JUnitReportReporter -->
<testsuite skipped="0" hostname="LAPTOP-8ES30CD5" name="com.iNetBanking.testCases.Tc_LoginTest_001" tests="1" failures="0" timestamp="2023-03-14T15:11:36 IST" time="12.109" errors="0">
  <testcase name="loginTest" time="12.109" classname="com.iNetBanking.testCases.Tc_LoginTest_001"/>
  <system-out/>
</testsuite> <!-- com.iNetBanking.testCases.Tc_LoginTest_001 -->
