<?xml version="1.0" encoding="UTF-8"?>
<!-- Generated by org.testng.reporters.JUnitReportReporter -->
<testsuite hostname="LAPTOP-8ES30CD5" failures="0" tests="1" name="com.iNetBanking.testCases.Tc_AddCustomerTest_003" time="26.345" errors="0" timestamp="2023-03-13T14:52:18 IST" skipped="0">
  <testcase classname="com.iNetBanking.testCases.Tc_AddCustomerTest_003" name="addNewCustomer" time="26.345"/>
  <system-out/>
</testsuite> <!-- com.iNetBanking.testCases.Tc_AddCustomerTest_003 -->
